2021-07-18T07:56:56.223Z - info: Website generation (lazy) started at 3:56:51 pm
2021-07-18T07:57:00.612Z - info: Building assets...
2021-07-18T07:57:05.327Z - info: Assets built
2021-07-18T07:57:05.328Z - info: Generating landing page...
2021-07-18T07:57:05.940Z - info: Landing page built, other pages will be built as you navigate to them!
2021-07-18T07:57:06.803Z - info: Site data built
2021-07-18T07:57:06.803Z - info: Website generation (lazy) complete! Total build time: 15.061s
2021-07-18T07:57:07.467Z - info: Serving "C:\repos\nus-cs2103\cs2103-website-base\_site" at http://127.0.0.1:8080
2021-07-18T07:57:07.467Z - info: Press CTRL+C to stop ...
2021-07-18T07:58:12.593Z - info: Building C:\repos\nus-cs2103\cs2103-website-base\schedule\week5\index as some of its dependencies were changed since the last visit
2021-07-18T07:58:13.942Z - info: Site data built
2021-07-18T07:58:13.943Z - info: Lazy website regeneration complete! Total build time: 1.352s
2021-07-18T07:58:20.009Z - info: Building C:\repos\nus-cs2103\cs2103-website-base\schedule\week5\project as some of its dependencies were changed since the last visit
2021-07-18T07:58:21.654Z - info: Site data built
2021-07-18T07:58:21.654Z - info: Lazy website regeneration complete! Total build time: 1.645s
2021-07-18T07:58:30.269Z - info: Building C:\repos\nus-cs2103\cs2103-website-base\schedule\week6\project as some of its dependencies were changed since the last visit
2021-07-18T07:58:32.195Z - info: Site data built
2021-07-18T07:58:32.195Z - info: Lazy website regeneration complete! Total build time: 1.926s
2021-07-18T07:58:51.207Z - info: Building C:\repos\nus-cs2103\cs2103-website-base\se-book-adapted\index as some of its dependencies were changed since the last visit
2021-07-18T07:58:51.377Z - info: Site data built
2021-07-18T07:58:51.377Z - info: Lazy website regeneration complete! Total build time: 0.17s
2021-07-18T07:59:39.544Z - info: Building C:\repos\nus-cs2103\cs2103-website-base\se-book-adapted\chapters\designFundamentals as some of its dependencies were changed since the last visit
2021-07-18T07:59:40.047Z - info: Site data built
2021-07-18T07:59:40.048Z - info: Lazy website regeneration complete! Total build time: 0.504s
2021-07-18T08:00:18.462Z - info: Building C:\repos\nus-cs2103\cs2103-website-base\se-book-adapted\chapters\modeling as some of its dependencies were changed since the last visit
2021-07-18T08:00:22.545Z - debug:  
2021-07-18T08:00:22.546Z - debug:  
2021-07-18T08:00:22.546Z - debug:  
2021-07-18T08:00:22.547Z - debug:  
2021-07-18T08:00:22.584Z - info: Site data built
2021-07-18T08:00:22.584Z - info: Lazy website regeneration complete! Total build time: 4.122s
2021-07-18T08:00:58.637Z - info: Building C:\repos\nus-cs2103\cs2103-website-base\admin\index as some of its dependencies were changed since the last visit
2021-07-18T08:00:59.017Z - info: Site data built
2021-07-18T08:00:59.018Z - info: Lazy website regeneration complete! Total build time: 0.381s
2021-07-18T08:01:10.249Z - info: Building C:\repos\nus-cs2103\cs2103-website-base\admin\tp-pe as some of its dependencies were changed since the last visit
2021-07-18T08:01:11.511Z - info: Site data built
2021-07-18T08:01:11.512Z - info: Lazy website regeneration complete! Total build time: 1.262s
2021-07-18T08:02:39.466Z - info: Building C:\repos\nus-cs2103\cs2103-website-base\schedule\week3\index as some of its dependencies were changed since the last visit
2021-07-18T08:02:40.238Z - info: Site data built
2021-07-18T08:02:40.238Z - info: Lazy website regeneration complete! Total build time: 0.773s
2021-07-18T08:02:43.051Z - info: Building C:\repos\nus-cs2103\cs2103-website-base\schedule\week3\project as some of its dependencies were changed since the last visit
2021-07-18T08:02:44.086Z - info: Site data built
2021-07-18T08:02:44.086Z - info: Lazy website regeneration complete! Total build time: 1.036s
