2021-08-30T16:17:19.642Z - info: [12:17:19 am] Reload for file change: C:\repos\nus-cs2103\cs2103-website-base\_module-CS2103\weeklyAdminTasks.mbdf
2021-08-30T16:17:20.660Z - info: Rebuilding 68 pages
2021-08-30T16:17:31.190Z - debug:  
2021-08-30T16:17:37.226Z - debug:  
2021-08-30T16:17:39.076Z - debug:  
2021-08-30T16:17:40.273Z - debug:  
2021-08-30T16:17:40.273Z - debug:  
2021-08-30T16:17:40.274Z - debug:  
2021-08-30T16:17:52.811Z - debug:  
2021-08-30T16:18:09.043Z - info: Site data built
2021-08-30T16:18:09.044Z - info: Pages rebuilt
2021-08-30T16:18:09.044Z - info: Website regeneration complete! Total build time: 48.387s
2021-08-30T16:23:56.665Z - info: [12:23:56 am] Reload for file change: C:\repos\nus-cs2103\cs2103-website-base\_module-CS2103\weeklyTextbookTopics.mbdf
2021-08-30T16:23:57.672Z - info: Rebuilding 91 pages
2021-08-30T16:24:06.849Z - debug:  
2021-08-30T16:24:06.851Z - debug:  
2021-08-30T16:24:06.851Z - debug:  
2021-08-30T16:24:06.851Z - debug:  
2021-08-30T16:24:06.851Z - debug:  
2021-08-30T16:24:16.333Z - debug:  
2021-08-30T16:24:36.664Z - debug:  
2021-08-30T16:24:45.006Z - info: Site data built
2021-08-30T16:24:45.007Z - info: Pages rebuilt
2021-08-30T16:24:45.007Z - info: Website regeneration complete! Total build time: 47.337s
2021-08-30T16:28:24.328Z - info: [12:28:24 am] Reload for file change: C:\repos\nus-cs2103\cs2103-website-base\admin\ip-tasks.mbdf
2021-08-30T16:28:25.347Z - info: Rebuilding 91 pages
2021-08-30T16:28:35.373Z - debug:  
2021-08-30T16:28:35.376Z - debug:  
2021-08-30T16:28:35.376Z - debug:  
2021-08-30T16:28:35.376Z - debug:  
2021-08-30T16:28:35.376Z - debug:  
2021-08-30T16:28:44.736Z - debug:  
2021-08-30T16:29:03.429Z - debug:  
2021-08-30T16:29:12.053Z - info: Site data built
2021-08-30T16:29:12.053Z - info: Pages rebuilt
2021-08-30T16:29:12.053Z - info: Website regeneration complete! Total build time: 46.707s
2021-08-30T16:33:29.748Z - info: [12:33:29 am] Reload for file change: C:\repos\nus-cs2103\cs2103-website-base\admin\tp-tasks.mbdf
2021-08-30T16:33:30.761Z - info: Rebuilding 49 pages
2021-08-30T16:33:59.289Z - info: Site data built
2021-08-30T16:33:59.290Z - info: Pages rebuilt
2021-08-30T16:33:59.290Z - info: Website regeneration complete! Total build time: 28.531s
2021-08-30T16:34:41.043Z - info: [12:34:41 am] Reload for file change: C:\repos\nus-cs2103\cs2103-website-base\admin\tp-tasks.mbdf
2021-08-30T16:34:42.067Z - info: Rebuilding 49 pages
2021-08-30T16:35:12.067Z - info: Site data built
2021-08-30T16:35:12.068Z - info: Pages rebuilt
2021-08-30T16:35:12.068Z - info: Website regeneration complete! Total build time: 30.003s
2021-08-30T16:35:55.906Z - info: [12:35:55 am] Reload for file change: C:\repos\nus-cs2103\cs2103-website-base\admin\tp-tasks.mbdf
2021-08-30T16:35:56.929Z - info: Rebuilding 49 pages
2021-08-30T16:36:27.757Z - info: Site data built
2021-08-30T16:36:27.780Z - info: Pages rebuilt
2021-08-30T16:36:27.780Z - info: Website regeneration complete! Total build time: 30.855s
2021-08-30T16:36:45.176Z - info: [12:36:45 am] Reload for file change: C:\repos\nus-cs2103\cs2103-website-base\admin\tp-tasks.mbdf
2021-08-30T16:36:46.184Z - info: Rebuilding 49 pages
2021-08-30T16:36:53.954Z - info: [12:36:53 am] Reload for file change: C:\repos\nus-cs2103\cs2103-website-base\admin\tp-tasks.mbdf
2021-08-30T16:37:11.910Z - info: [12:37:11 am] Reload for file change: C:\repos\nus-cs2103\cs2103-website-base\admin\tp-tasks.mbdf
2021-08-30T16:37:16.904Z - info: Site data built
2021-08-30T16:37:16.904Z - info: Pages rebuilt
2021-08-30T16:37:16.905Z - info: Website regeneration complete! Total build time: 30.721s
2021-08-30T16:37:16.908Z - info: Rebuilding 49 pages
2021-08-30T16:37:40.303Z - info: [12:37:40 am] Reload for file change: C:\repos\nus-cs2103\cs2103-website-base\admin\tp-tasks.mbdf
2021-08-30T16:37:47.306Z - info: Site data built
2021-08-30T16:37:47.307Z - info: Pages rebuilt
2021-08-30T16:37:47.307Z - info: Website regeneration complete! Total build time: 30.4s
2021-08-30T16:37:47.311Z - info: Rebuilding 49 pages
2021-08-30T16:38:16.115Z - info: Site data built
2021-08-30T16:38:16.116Z - info: Pages rebuilt
2021-08-30T16:38:16.116Z - info: Website regeneration complete! Total build time: 28.806s
2021-08-30T16:42:08.517Z - info: [12:42:08 am] Reload for file change: C:\repos\nus-cs2103\cs2103-website-base\schedule\week5\tutorial-cs2103.mbdf
2021-08-30T16:42:09.539Z - info: Rebuilding 1 pages
2021-08-30T16:42:10.028Z - info: Site data built
2021-08-30T16:42:10.029Z - info: Pages rebuilt
2021-08-30T16:42:10.029Z - info: Website regeneration complete! Total build time: 0.494s
2021-08-30T16:44:42.867Z - info: [12:44:42 am] Reload for file change: C:\repos\nus-cs2103\cs2103-website-base\schedule\week5\tutorial-cs2103.mbdf
2021-08-30T16:44:43.879Z - info: Rebuilding 1 pages
2021-08-30T16:44:44.353Z - info: Site data built
2021-08-30T16:44:44.353Z - info: Pages rebuilt
2021-08-30T16:44:44.353Z - info: Website regeneration complete! Total build time: 0.476s
2021-08-30T16:48:31.016Z - info: Website generation started at 12:48:27 am
2021-08-30T16:48:36.117Z - info: Building assets...
2021-08-30T16:48:40.859Z - info: Assets built
2021-08-30T16:48:40.860Z - info: Generating pages...
2021-08-30T16:48:48.258Z - debug:  
2021-08-30T16:48:48.258Z - debug:  
2021-08-30T16:48:48.258Z - debug:  
2021-08-30T16:48:48.259Z - debug:  
2021-08-30T16:48:48.259Z - debug:  
2021-08-30T16:48:48.259Z - debug:  
2021-08-30T16:50:14.557Z - debug:  
2021-08-30T16:50:23.603Z - debug:  
2021-08-30T16:50:24.128Z - debug:  
2021-08-30T16:50:29.050Z - info: Pages built
2021-08-30T16:50:29.753Z - info: Site data built
2021-08-30T16:50:29.753Z - info: Website generation complete! Total build time: 122.36s
2021-08-30T16:50:29.753Z - info: Build success!
2021-08-30T16:50:41.193Z - info: Deployed at https://nus-cs2103-ay2122s1.github.io/website!
2021-08-31T13:21:54.216Z - info: Website generation started at 9:21:46 pm
2021-08-31T13:22:02.405Z - info: Building assets...
