2021-08-09T16:02:01.448Z - info: [12:02:01 am] Reload for file change: C:\repos\nus-cs2103\cs2103-website-base\book\cppToJava\gettingStarted\running\q-runHelloWorld.md
2021-08-09T16:02:01.456Z - info: Synchronizing opened pages list before reload
2021-08-09T16:02:01.456Z - info: Current opened pages, from most-to-least recent:
2021-08-09T16:02:01.456Z - info: 1. se-book-adapted/chapters/cppToJava
2021-08-09T16:02:02.477Z - info: Rebuilding 1 pages
2021-08-09T16:02:05.088Z - info: Site data built
2021-08-09T16:02:05.088Z - info: Pages rebuilt
2021-08-09T16:02:05.089Z - info: Website regeneration complete! Total build time: 2.615s
2021-08-09T16:04:30.078Z - info: [12:04:30 am] Reload for file change: C:\repos\nus-cs2103\cs2103-website-base\book\cppToJava\gettingStarted\running\q-runHelloWorld.md
2021-08-09T16:04:30.078Z - info: Synchronizing opened pages list before reload
2021-08-09T16:04:30.078Z - info: Current opened pages, from most-to-least recent:
2021-08-09T16:04:30.078Z - info: 1. se-book-adapted/chapters/cppToJava
2021-08-09T16:04:31.089Z - info: Rebuilding 1 pages
2021-08-09T16:04:33.685Z - info: Site data built
2021-08-09T16:04:33.685Z - info: Pages rebuilt
2021-08-09T16:04:33.686Z - info: Website regeneration complete! Total build time: 2.597s
2021-08-09T16:04:45.939Z - info: [12:04:45 am] Reload for file change: C:\repos\nus-cs2103\cs2103-website-base\book\cppToJava\gettingStarted\running\q-runHelloWorld.md
2021-08-09T16:04:45.939Z - info: Synchronizing opened pages list before reload
2021-08-09T16:04:45.939Z - info: Current opened pages, from most-to-least recent:
2021-08-09T16:04:45.939Z - info: 1. se-book-adapted/chapters/cppToJava
2021-08-09T16:04:46.954Z - info: Rebuilding 1 pages
2021-08-09T16:04:49.134Z - info: Site data built
2021-08-09T16:04:49.134Z - info: Pages rebuilt
2021-08-09T16:04:49.134Z - info: Website regeneration complete! Total build time: 2.181s
2021-08-09T16:04:56.927Z - info: [12:04:56 am] Reload for file change: C:\repos\nus-cs2103\cs2103-website-base\book\cppToJava\gettingStarted\running\q-runHelloWorld.md
2021-08-09T16:04:56.927Z - info: Synchronizing opened pages list before reload
2021-08-09T16:04:56.928Z - info: Current opened pages, from most-to-least recent:
2021-08-09T16:04:56.928Z - info: 1. se-book-adapted/chapters/cppToJava
2021-08-09T16:04:57.933Z - info: Rebuilding 1 pages
2021-08-09T16:05:00.038Z - info: Site data built
2021-08-09T16:05:00.038Z - info: Pages rebuilt
2021-08-09T16:05:00.038Z - info: Website regeneration complete! Total build time: 2.106s
2021-08-09T16:05:17.608Z - info: [12:05:17 am] Reload for file change: C:\repos\nus-cs2103\cs2103-website-base\book\cppToJava\gettingStarted\running\q-runHelloWorld.md
2021-08-09T16:05:17.608Z - info: Synchronizing opened pages list before reload
2021-08-09T16:05:17.608Z - info: Current opened pages, from most-to-least recent:
2021-08-09T16:05:17.608Z - info: 1. se-book-adapted/chapters/cppToJava
2021-08-09T16:05:18.627Z - info: Rebuilding 1 pages
2021-08-09T16:05:21.217Z - info: Site data built
2021-08-09T16:05:21.217Z - info: Pages rebuilt
2021-08-09T16:05:21.218Z - info: Website regeneration complete! Total build time: 2.592s
2021-08-09T16:05:46.250Z - info: [12:05:46 am] Reload for file change: C:\repos\nus-cs2103\cs2103-website-base\book\cppToJava\gettingStarted\running\q-runHelloWorld.md
2021-08-09T16:05:46.251Z - info: Synchronizing opened pages list before reload
2021-08-09T16:05:46.252Z - info: Current opened pages, from most-to-least recent:
2021-08-09T16:05:46.252Z - info: 1. se-book-adapted/chapters/cppToJava
2021-08-09T16:05:47.264Z - info: Rebuilding 1 pages
2021-08-09T16:05:49.781Z - info: Site data built
2021-08-09T16:05:49.782Z - info: Pages rebuilt
2021-08-09T16:05:49.782Z - info: Website regeneration complete! Total build time: 2.519s
2021-08-09T16:06:41.797Z - info: [12:06:41 am] Reload for file change: C:\repos\nus-cs2103\cs2103-website-base\book\cppToJava\gettingStarted\running\q-runHelloWorld.md
2021-08-09T16:06:41.797Z - info: Synchronizing opened pages list before reload
2021-08-09T16:06:41.798Z - info: Current opened pages, from most-to-least recent:
2021-08-09T16:06:41.798Z - info: 1. se-book-adapted/chapters/cppToJava
2021-08-09T16:06:42.808Z - info: Rebuilding 1 pages
2021-08-09T16:06:45.327Z - info: Site data built
2021-08-09T16:06:45.327Z - info: Pages rebuilt
2021-08-09T16:06:45.327Z - info: Website regeneration complete! Total build time: 2.52s
2021-08-09T16:07:43.103Z - info: [12:07:43 am] Reload for file change: C:\repos\nus-cs2103\cs2103-website-base\book\cppToJava\gettingStarted\running\q-runHelloWorld.md
2021-08-09T16:07:43.103Z - info: Synchronizing opened pages list before reload
2021-08-09T16:07:43.103Z - info: Current opened pages, from most-to-least recent:
2021-08-09T16:07:43.103Z - info: 1. se-book-adapted/chapters/cppToJava
2021-08-09T16:07:44.115Z - info: Rebuilding 1 pages
2021-08-09T16:07:46.588Z - info: Site data built
2021-08-09T16:07:46.588Z - info: Pages rebuilt
2021-08-09T16:07:46.589Z - info: Website regeneration complete! Total build time: 2.474s
2021-08-09T16:07:59.041Z - info: [12:07:59 am] Reload for file change: C:\repos\nus-cs2103\cs2103-website-base\book\cppToJava\gettingStarted\running\q-runHelloWorld.md
2021-08-09T16:07:59.041Z - info: Synchronizing opened pages list before reload
2021-08-09T16:07:59.041Z - info: Current opened pages, from most-to-least recent:
2021-08-09T16:07:59.041Z - info: 1. se-book-adapted/chapters/cppToJava
2021-08-09T16:08:00.051Z - info: Rebuilding 1 pages
2021-08-09T16:08:02.222Z - info: Site data built
2021-08-09T16:08:02.222Z - info: Pages rebuilt
2021-08-09T16:08:02.223Z - info: Website regeneration complete! Total build time: 2.173s
2021-08-09T16:08:10.033Z - info: [12:08:10 am] Reload for file change: C:\repos\nus-cs2103\cs2103-website-base\book\cppToJava\gettingStarted\running\q-runHelloWorld.md
2021-08-09T16:08:10.033Z - info: Synchronizing opened pages list before reload
2021-08-09T16:08:10.033Z - info: Current opened pages, from most-to-least recent:
2021-08-09T16:08:10.033Z - info: 1. se-book-adapted/chapters/cppToJava
2021-08-09T16:08:11.037Z - info: Rebuilding 1 pages
2021-08-09T16:08:13.099Z - info: Site data built
2021-08-09T16:08:13.100Z - info: Pages rebuilt
2021-08-09T16:08:13.100Z - info: Website regeneration complete! Total build time: 2.063s
2021-08-09T16:08:44.494Z - info: [12:08:44 am] Reload for file change: C:\repos\nus-cs2103\cs2103-website-base\book\cppToJava\gettingStarted\running\q-runHelloWorld.md
2021-08-09T16:08:44.494Z - info: Synchronizing opened pages list before reload
2021-08-09T16:08:44.495Z - info: Current opened pages, from most-to-least recent:
2021-08-09T16:08:44.495Z - info: 1. se-book-adapted/chapters/cppToJava
2021-08-09T16:08:45.517Z - info: Rebuilding 1 pages
2021-08-09T16:08:47.962Z - info: Site data built
2021-08-09T16:08:47.963Z - info: Pages rebuilt
2021-08-09T16:08:47.963Z - info: Website regeneration complete! Total build time: 2.447s
2021-08-09T16:09:14.360Z - info: [12:09:14 am] Reload for file change: C:\repos\nus-cs2103\cs2103-website-base\book\cppToJava\gettingStarted\running\q-runHelloWorld.md
2021-08-09T16:09:14.360Z - info: Synchronizing opened pages list before reload
2021-08-09T16:09:14.360Z - info: Current opened pages, from most-to-least recent:
2021-08-09T16:09:14.361Z - info: 1. se-book-adapted/chapters/cppToJava
2021-08-09T16:09:15.377Z - info: Rebuilding 1 pages
2021-08-09T16:09:17.905Z - info: Site data built
2021-08-09T16:09:17.905Z - info: Pages rebuilt
2021-08-09T16:09:17.906Z - info: Website regeneration complete! Total build time: 2.529s
2021-08-09T16:09:40.246Z - info: [12:09:40 am] Reload for file change: C:\repos\nus-cs2103\cs2103-website-base\book\cppToJava\gettingStarted\running\q-runHelloWorld.md
2021-08-09T16:09:40.247Z - info: Synchronizing opened pages list before reload
2021-08-09T16:09:40.247Z - info: Current opened pages, from most-to-least recent:
2021-08-09T16:09:40.247Z - info: 1. se-book-adapted/chapters/cppToJava
2021-08-09T16:09:41.263Z - info: Rebuilding 1 pages
2021-08-09T16:09:43.758Z - info: Site data built
2021-08-09T16:09:43.758Z - info: Pages rebuilt
2021-08-09T16:09:43.758Z - info: Website regeneration complete! Total build time: 2.496s
2021-08-09T16:09:49.678Z - info: [12:09:49 am] Reload for file change: C:\repos\nus-cs2103\cs2103-website-base\book\cppToJava\gettingStarted\running\q-runHelloWorld.md
2021-08-09T16:09:49.679Z - info: Synchronizing opened pages list before reload
2021-08-09T16:09:49.679Z - info: Current opened pages, from most-to-least recent:
2021-08-09T16:09:49.680Z - info: 1. se-book-adapted/chapters/cppToJava
2021-08-09T16:09:50.692Z - info: Rebuilding 1 pages
2021-08-09T16:09:52.883Z - info: Site data built
2021-08-09T16:09:52.883Z - info: Pages rebuilt
2021-08-09T16:09:52.883Z - info: Website regeneration complete! Total build time: 2.191s
2021-08-09T16:10:03.929Z - info: [12:10:03 am] Reload for file change: C:\repos\nus-cs2103\cs2103-website-base\book\cppToJava\gettingStarted\running\q-runHelloWorld.md
2021-08-09T16:10:03.929Z - info: Synchronizing opened pages list before reload
2021-08-09T16:10:03.930Z - info: Current opened pages, from most-to-least recent:
2021-08-09T16:10:03.930Z - info: 1. se-book-adapted/chapters/cppToJava
2021-08-09T16:10:04.950Z - info: Rebuilding 1 pages
2021-08-09T16:10:06.995Z - info: Site data built
2021-08-09T16:10:06.995Z - info: Pages rebuilt
2021-08-09T16:10:06.996Z - info: Website regeneration complete! Total build time: 2.049s
2021-08-09T16:11:10.459Z - info: [12:11:10 am] Reload for file change: C:\repos\nus-cs2103\cs2103-website-base\book\cppToJava\gettingStarted\running\q-runHelloWorld.md
2021-08-09T16:11:10.459Z - info: Synchronizing opened pages list before reload
2021-08-09T16:11:10.459Z - info: Current opened pages, from most-to-least recent:
2021-08-09T16:11:10.459Z - info: 1. se-book-adapted/chapters/cppToJava
2021-08-09T16:11:11.471Z - info: Rebuilding 1 pages
2021-08-09T16:11:13.884Z - info: Site data built
2021-08-09T16:11:13.884Z - info: Pages rebuilt
2021-08-09T16:11:13.884Z - info: Website regeneration complete! Total build time: 2.414s
2021-08-09T16:15:00.943Z - info: Building C:\repos\nus-cs2103\cs2103-website-base\schedule\week1\index as some of its dependencies were changed since the last visit
2021-08-09T16:15:01.640Z - info: Site data built
2021-08-09T16:15:01.640Z - info: Lazy website regeneration complete! Total build time: 0.697s
2021-08-09T16:15:05.066Z - info: Building C:\repos\nus-cs2103\cs2103-website-base\schedule\week1\topics as some of its dependencies were changed since the last visit
2021-08-09T16:15:06.561Z - info: Site data built
2021-08-09T16:15:06.562Z - info: Lazy website regeneration complete! Total build time: 1.495s
2021-08-09T16:40:07.587Z - info: Website generation started at 12:40:05 am
2021-08-09T16:40:13.693Z - info: Building assets...
