2021-08-28T05:51:31.833Z - info: Website generation (lazy) started at 1:51:27 pm
2021-08-28T05:51:37.134Z - info: Building assets...
2021-08-28T05:51:41.839Z - info: Assets built
2021-08-28T05:51:41.840Z - info: Generating landing page...
2021-08-28T05:51:43.184Z - info: Landing page built, other pages will be built as you navigate to them!
2021-08-28T05:51:44.063Z - info: Site data built
2021-08-28T05:51:44.063Z - info: Website generation (lazy) complete! Total build time: 16.404s
2021-08-28T05:51:44.896Z - info: Serving "C:\repos\nus-cs2103\cs2103-website-base\_site" at http://127.0.0.1:8080
2021-08-28T05:51:44.896Z - info: Press CTRL+C to stop ...
2021-08-28T05:53:39.231Z - info: Building C:\repos\nus-cs2103\cs2103-website-base\admin\ip-showcase as some of its dependencies were changed since the last visit
2021-08-28T05:53:41.141Z - info: Site data built
2021-08-28T05:53:41.141Z - info: Lazy website regeneration complete! Total build time: 1.911s
2021-08-28T05:59:56.320Z - info: [1:59:56 pm] Reload for file change: C:\repos\nus-cs2103\cs2103-website-base\_module-CS2103\studentData.mbdf
2021-08-28T05:59:56.320Z - info: Synchronizing opened pages list before reload
2021-08-28T05:59:56.321Z - info: Current opened pages, from most-to-least recent:
2021-08-28T05:59:56.321Z - info: 1. admin/ip-showcase
2021-08-28T05:59:57.333Z - info: Rebuilding 1 pages
2021-08-28T05:59:58.458Z - info: Site data built
2021-08-28T05:59:58.459Z - info: Pages rebuilt
2021-08-28T05:59:58.459Z - info: Website regeneration complete! Total build time: 1.127s
2021-08-28T06:00:00.573Z - info: Building C:\repos\nus-cs2103\cs2103-website-base\index as some of its dependencies were changed since the last visit
2021-08-28T06:00:01.531Z - info: Site data built
2021-08-28T06:00:01.531Z - info: Lazy website regeneration complete! Total build time: 0.958s
2021-08-28T06:00:11.153Z - info: Building C:\repos\nus-cs2103\cs2103-website-base\schedule\week4\project as some of its dependencies were changed since the last visit
2021-08-28T06:00:12.723Z - info: Site data built
2021-08-28T06:00:12.723Z - info: Lazy website regeneration complete! Total build time: 1.57s
2021-08-28T06:01:05.488Z - info: Website generation (lazy) started at 2:01:03 pm
2021-08-28T06:01:10.938Z - info: Building assets...
2021-08-28T06:01:15.882Z - info: Assets built
2021-08-28T06:01:15.883Z - info: Generating landing page...
2021-08-28T06:01:17.043Z - info: Landing page built, other pages will be built as you navigate to them!
2021-08-28T06:01:17.756Z - info: Site data built
2021-08-28T06:01:17.756Z - info: Website generation (lazy) complete! Total build time: 14.012s
2021-08-28T06:01:18.546Z - info: Serving "C:\repos\nus-cs2103\cs2103-website-base\_site" at http://127.0.0.1:8080
2021-08-28T06:01:18.546Z - info: Press CTRL+C to stop ...
2021-08-28T06:01:25.484Z - info: Building C:\repos\nus-cs2103\cs2103-website-base\schedule\week4\project as some of its dependencies were changed since the last visit
2021-08-28T06:01:27.836Z - info: Site data built
2021-08-28T06:01:27.836Z - info: Lazy website regeneration complete! Total build time: 2.352s
2021-08-28T06:02:33.958Z - info: [2:02:33 pm] Reload for file change: C:\repos\nus-cs2103\cs2103-website-base\admin\ip-tasks.mbdf
2021-08-28T06:02:33.959Z - info: Synchronizing opened pages list before reload
2021-08-28T06:02:33.959Z - info: Current opened pages, from most-to-least recent:
2021-08-28T06:02:33.959Z - info: 1. schedule/week4/project
2021-08-28T06:02:34.979Z - info: Rebuilding 1 pages
2021-08-28T06:02:36.562Z - info: Site data built
2021-08-28T06:02:36.563Z - info: Pages rebuilt
2021-08-28T06:02:36.563Z - info: Website regeneration complete! Total build time: 1.587s
2021-08-28T06:02:37.881Z - info: [2:02:37 pm] Reload for file change: C:\repos\nus-cs2103\cs2103-website-base\admin\ip-tasks.mbdf
2021-08-28T06:02:37.881Z - info: Synchronizing opened pages list before reload
2021-08-28T06:02:37.881Z - info: Current opened pages, from most-to-least recent:
2021-08-28T06:02:37.881Z - info: 1. schedule/week4/project
2021-08-28T06:02:38.890Z - info: Rebuilding 1 pages
2021-08-28T06:02:40.072Z - info: Site data built
2021-08-28T06:02:40.072Z - info: Pages rebuilt
2021-08-28T06:02:40.072Z - info: Website regeneration complete! Total build time: 1.183s
2021-08-28T06:03:39.155Z - info: Building C:\repos\nus-cs2103\cs2103-website-base\admin\ip-showcase as some of its dependencies were changed since the last visit
2021-08-28T06:03:41.049Z - info: Site data built
2021-08-28T06:03:41.050Z - info: Lazy website regeneration complete! Total build time: 1.896s
2021-08-28T06:03:55.894Z - info: Building C:\repos\nus-cs2103\cs2103-website-base\admin\index as some of its dependencies were changed since the last visit
2021-08-28T06:03:56.388Z - info: Site data built
2021-08-28T06:03:56.388Z - info: Lazy website regeneration complete! Total build time: 0.495s
2021-08-28T06:04:04.127Z - info: Building C:\repos\nus-cs2103\cs2103-website-base\admin\ip-w4 as some of its dependencies were changed since the last visit
2021-08-28T06:04:05.384Z - info: Site data built
2021-08-28T06:04:05.385Z - info: Lazy website regeneration complete! Total build time: 1.258s
2021-08-28T06:05:44.055Z - info: [2:05:44 pm] Reload for file change: C:\repos\nus-cs2103\cs2103-website-base\admin\common-tutorials.mbdf
2021-08-28T06:05:44.056Z - info: Synchronizing opened pages list before reload
2021-08-28T06:05:44.056Z - info: Current opened pages, from most-to-least recent:
2021-08-28T06:05:44.056Z - info: 1. admin/ip-w4
2021-08-28T06:05:45.069Z - info: Rebuilding 1 pages
2021-08-28T06:05:46.199Z - info: Site data built
2021-08-28T06:05:46.199Z - info: Pages rebuilt
2021-08-28T06:05:46.199Z - info: Website regeneration complete! Total build time: 1.132s
2021-08-28T06:05:53.826Z - info: [2:05:53 pm] Reload for file change: C:\repos\nus-cs2103\cs2103-website-base\admin\common-tutorials.mbdf
2021-08-28T06:05:53.826Z - info: Synchronizing opened pages list before reload
2021-08-28T06:05:53.826Z - info: Current opened pages, from most-to-least recent:
2021-08-28T06:05:53.826Z - info: 1. admin/ip-w4
2021-08-28T06:05:54.834Z - info: Rebuilding 1 pages
2021-08-28T06:05:55.541Z - info: Site data built
2021-08-28T06:05:55.541Z - info: Pages rebuilt
2021-08-28T06:05:55.541Z - info: Website regeneration complete! Total build time: 0.709s
2021-08-28T06:06:07.502Z - info: [2:06:07 pm] Reload for file change: C:\repos\nus-cs2103\cs2103-website-base\admin\common-tutorials.mbdf
2021-08-28T06:06:07.502Z - info: Synchronizing opened pages list before reload
2021-08-28T06:06:07.502Z - info: Current opened pages, from most-to-least recent:
2021-08-28T06:06:07.502Z - info: 1. admin/ip-w4
2021-08-28T06:06:08.506Z - info: Rebuilding 1 pages
2021-08-28T06:06:09.190Z - info: Site data built
2021-08-28T06:06:09.190Z - info: Pages rebuilt
2021-08-28T06:06:09.190Z - info: Website regeneration complete! Total build time: 0.685s
2021-08-28T06:07:05.384Z - info: [2:07:05 pm] Reload for file change: C:\repos\nus-cs2103\cs2103-website-base\_module-TIC4001\studentData.mbdf
2021-08-28T06:07:05.385Z - info: Synchronizing opened pages list before reload
2021-08-28T06:07:05.385Z - info: Current opened pages, from most-to-least recent:
2021-08-28T06:07:05.385Z - info: 1. admin/ip-w4
2021-08-28T06:07:06.429Z - info: Assets built
2021-08-28T06:08:57.245Z - info: [2:08:57 pm] Reload for file change: C:\repos\nus-cs2103\cs2103-website-base\_module-CS2103\studentData.mbdf
2021-08-28T06:08:57.245Z - info: Synchronizing opened pages list before reload
2021-08-28T06:08:57.245Z - info: Current opened pages, from most-to-least recent:
2021-08-28T06:08:57.245Z - info: 1. admin/ip-w4
2021-08-28T06:08:58.265Z - info: Rebuilding 1 pages
2021-08-28T06:08:59.366Z - info: Site data built
2021-08-28T06:08:59.367Z - info: Pages rebuilt
2021-08-28T06:08:59.367Z - info: Website regeneration complete! Total build time: 1.106s
2021-08-28T06:12:43.767Z - info: [2:12:43 pm] Reload for file change: C:\repos\nus-cs2103\cs2103-website-base\_module-CS2103\studentData.mbdf
2021-08-28T06:12:43.768Z - info: Synchronizing opened pages list before reload
2021-08-28T06:12:43.768Z - info: Current opened pages, from most-to-least recent:
2021-08-28T06:12:43.768Z - info: 1. admin/ip-w4
2021-08-28T06:12:44.781Z - info: Rebuilding 1 pages
2021-08-28T06:12:45.868Z - info: Site data built
2021-08-28T06:12:45.868Z - info: Pages rebuilt
2021-08-28T06:12:45.869Z - info: Website regeneration complete! Total build time: 1.089s
2021-08-28T06:14:47.040Z - info: Website generation (lazy) started at 2:14:45 pm
2021-08-28T06:14:52.564Z - info: Building assets...
2021-08-28T06:14:56.714Z - info: Assets built
2021-08-28T06:14:56.714Z - info: Generating landing page...
2021-08-28T06:14:57.954Z - info: Landing page built, other pages will be built as you navigate to them!
2021-08-28T06:14:58.733Z - info: Site data built
2021-08-28T06:14:58.734Z - info: Website generation (lazy) complete! Total build time: 13.531s
2021-08-28T06:14:59.568Z - info: Serving "C:\repos\nus-cs2103\cs2103-website-base\_site" at http://127.0.0.1:8080
2021-08-28T06:14:59.568Z - info: Press CTRL+C to stop ...
2021-08-28T06:15:19.463Z - info: Building C:\repos\nus-cs2103\cs2103-website-base\schedule\week4\project as some of its dependencies were changed since the last visit
2021-08-28T06:15:21.113Z - info: Site data built
2021-08-28T06:15:21.113Z - info: Lazy website regeneration complete! Total build time: 1.651s
2021-08-28T06:19:37.571Z - info: [2:19:37 pm] Reload for file change: C:\repos\nus-cs2103\cs2103-website-base\_module-CS2103\studentData.mbdf
2021-08-28T06:19:37.571Z - info: Synchronizing opened pages list before reload
2021-08-28T06:19:37.572Z - info: Current opened pages, from most-to-least recent:
2021-08-28T06:19:37.572Z - info: 1. schedule/week4/project
2021-08-28T06:19:38.585Z - info: Rebuilding 1 pages
2021-08-28T06:19:40.081Z - info: Site data built
2021-08-28T06:19:40.081Z - info: Pages rebuilt
2021-08-28T06:19:40.081Z - info: Website regeneration complete! Total build time: 1.497s
2021-08-28T06:20:30.188Z - info: [2:20:30 pm] Reload for file change: C:\repos\nus-cs2103\cs2103-website-base\admin\common-tutorials.mbdf
2021-08-28T06:20:30.189Z - info: Synchronizing opened pages list before reload
2021-08-28T06:20:30.189Z - info: Current opened pages, from most-to-least recent:
2021-08-28T06:20:30.189Z - info: 1. schedule/week4/project
2021-08-28T06:20:31.195Z - info: Rebuilding 1 pages
2021-08-28T06:20:32.754Z - info: Site data built
2021-08-28T06:20:32.755Z - info: Pages rebuilt
2021-08-28T06:20:32.755Z - info: Website regeneration complete! Total build time: 1.562s
2021-08-28T06:22:30.551Z - info: [2:22:30 pm] Reload for file change: C:\repos\nus-cs2103\cs2103-website-base\_module-CS2103\studentData.mbdf
2021-08-28T06:22:30.551Z - info: Synchronizing opened pages list before reload
2021-08-28T06:22:30.551Z - info: Current opened pages, from most-to-least recent:
2021-08-28T06:22:30.552Z - info: 1. schedule/week4/project
2021-08-28T06:22:31.557Z - info: Rebuilding 1 pages
2021-08-28T06:22:33.061Z - info: Site data built
2021-08-28T06:22:33.062Z - info: Pages rebuilt
2021-08-28T06:22:33.062Z - info: Website regeneration complete! Total build time: 1.506s
2021-08-28T06:23:14.466Z - info: [2:23:14 pm] Reload for file change: C:\repos\nus-cs2103\cs2103-website-base\_module-CS2103\studentData.mbdf
2021-08-28T06:23:14.466Z - info: Synchronizing opened pages list before reload
2021-08-28T06:23:14.466Z - info: Current opened pages, from most-to-least recent:
2021-08-28T06:23:14.466Z - info: 1. schedule/week4/project
2021-08-28T06:23:15.486Z - info: Rebuilding 1 pages
2021-08-28T06:23:16.967Z - info: Site data built
2021-08-28T06:23:16.967Z - info: Pages rebuilt
2021-08-28T06:23:16.967Z - info: Website regeneration complete! Total build time: 1.484s
2021-08-28T06:24:09.063Z - info: [2:24:09 pm] Reload for file change: C:\repos\nus-cs2103\cs2103-website-base\_module-CS2103\studentData.mbdf
2021-08-28T06:24:09.063Z - info: Synchronizing opened pages list before reload
2021-08-28T06:24:09.064Z - info: Current opened pages, from most-to-least recent:
2021-08-28T06:24:09.064Z - info: 1. schedule/week4/project
2021-08-28T06:24:10.074Z - info: Rebuilding 1 pages
2021-08-28T06:24:11.642Z - info: Site data built
2021-08-28T06:24:11.642Z - info: Pages rebuilt
2021-08-28T06:24:11.642Z - info: Website regeneration complete! Total build time: 1.57s
2021-08-28T06:24:24.832Z - info: [2:24:24 pm] Reload for file change: C:\repos\nus-cs2103\cs2103-website-base\_module-CS2103\studentData.mbdf
2021-08-28T06:24:24.832Z - info: Synchronizing opened pages list before reload
2021-08-28T06:24:24.832Z - info: Current opened pages, from most-to-least recent:
2021-08-28T06:24:24.832Z - info: 1. schedule/week4/project
2021-08-28T06:24:25.845Z - info: Rebuilding 1 pages
2021-08-28T06:24:26.899Z - info: Site data built
2021-08-28T06:24:26.899Z - info: Pages rebuilt
2021-08-28T06:24:26.899Z - info: Website regeneration complete! Total build time: 1.054s
2021-08-28T06:24:56.506Z - info: [2:24:56 pm] Reload for file change: C:\repos\nus-cs2103\cs2103-website-base\_module-CS2103\studentData.mbdf
2021-08-28T06:24:56.506Z - info: Synchronizing opened pages list before reload
2021-08-28T06:24:56.507Z - info: Current opened pages, from most-to-least recent:
2021-08-28T06:24:56.507Z - info: 1. schedule/week4/project
2021-08-28T06:24:57.512Z - info: Rebuilding 1 pages
2021-08-28T06:24:57.900Z - error:  Template render error: (C:\repos\nus-cs2103\cs2103-website-base\admin\tp-w4.md)
  Template render error: (C:\repos\nus-cs2103\cs2103-website-base\admin\tp-w4.md)
  Template render error: (C:\repos\nus-cs2103\cs2103-website-base\admin\tp-w4.md)
  Template render error: (C:\repos\nus-cs2103\cs2103-website-base\admin\tp-w4.md)
  Template render error: (C:\repos\nus-cs2103\cs2103-website-base\admin\tp-w4.md)
  Template render error: (C:\repos\nus-cs2103\cs2103-website-base\admin\tp-w4.md)
  Template render error: (C:\repos\nus-cs2103\cs2103-website-base\admin\tp-w4.md)
  Template render error: (C:\repos\nus-cs2103\cs2103-website-base\admin\tp-w4.md) [Line 72, Column 65]
  Template render error: (C:\repos\nus-cs2103\cs2103-website-base\admin\tp-w4.md)
  Template render error: (C:\repos\nus-cs2103\cs2103-website-base\admin\tp-w4.md)
  Template render error: (C:\repos\nus-cs2103\cs2103-website-base\admin\tp-w4.md)
  Template render error: (C:\repos\nus-cs2103\cs2103-website-base\admin\tp-w4.md)
  Template render error: (C:\repos\nus-cs2103\cs2103-website-base\admin\tp-w4.md)
  Template render error: (C:\repos\nus-cs2103\cs2103-website-base\admin\tp-w4.md)
  Template render error: (C:\repos\nus-cs2103\cs2103-website-base\admin\tp-w4.md) [Line 597, Column 14]
  Template render error: (C:\repos\nus-cs2103\cs2103-website-base\admin\tp-w4.md)
  Template render error: (C:\repos\nus-cs2103\cs2103-website-base\admin\tp-w4.md)
  Template render error: (C:\repos\nus-cs2103\cs2103-website-base\admin\tp-w4.md)
  Template render error: (C:\repos\nus-cs2103\cs2103-website-base\admin\tp-w4.md)
  Template render error: (C:\repos\nus-cs2103\cs2103-website-base\admin\tp-w4.md)
  Template render error: (C:\repos\nus-cs2103\cs2103-website-base\admin\tp-w4.md) [Line 72, Column 65]
  Template render error: (C:\repos\nus-cs2103\cs2103-website-base\admin\tp-w4.md)
  Template render error: (C:\repos\nus-cs2103\cs2103-website-base\admin\tp-w4.md)
  Template render error: (C:\repos\nus-cs2103\cs2103-website-base\admin\tp-w4.md)
  Template render error: (C:\repos\nus-cs2103\cs2103-website-base\admin\tp-w4.md)
  Template render error: (C:\repos\nus-cs2103\cs2103-website-base\admin\tp-w4.md)
  Template render error: (C:\repos\nus-cs2103\cs2103-website-base\admin\tp-w4.md)
  Template render error: (C:\repos\nus-cs2103\cs2103-website-base\admin\tp-w4.md)
  Template render error: (C:\repos\nus-cs2103\cs2103-website-base\admin\tp-w4.md)
  Template render error: (C:\repos\nus-cs2103\cs2103-website-base\admin\tp-w4.md)
  Template render error: (C:\repos\nus-cs2103\cs2103-website-base\admin\tp-w4.md)
  Template render error: (C:\repos\nus-cs2103\cs2103-website-base\admin\tp-w4.md)
  Template render error: (C:\repos\nus-cs2103\cs2103-website-base\admin\tp-w4.md)
  Template render error: (C:\repos\nus-cs2103\cs2103-website-base\admin\tp-w4.md)
  Template render error: (C:\repos\nus-cs2103\cs2103-website-base\admin\tp-w4.md) [Line 73, Column 46]
  Template render error: (C:\repos\nus-cs2103\cs2103-website-base\admin\tp-w4.md)
  Template render error: (C:\repos\nus-cs2103\cs2103-website-base\admin\tp-w4.md)
  Template render error: (C:\repos\nus-cs2103\cs2103-website-base\admin\tp-w4.md)
  Template render error: (C:\repos\nus-cs2103\cs2103-website-base\admin\tp-w4.md) [Line 72, Column 65]
  Template render error: (C:\repos\nus-cs2103\cs2103-website-base\admin\tp-w4.md)
  Template render error: (C:\repos\nus-cs2103\cs2103-website-base\admin\tp-w4.md)
  Template render error: (C:\repos\nus-cs2103\cs2103-website-base\admin\tp-w4.md)
  Template render error: (C:\repos\nus-cs2103\cs2103-website-base\admin\tp-w4.md)
  Template render error: (C:\repos\nus-cs2103\cs2103-website-base\admin\tp-w4.md)
  Error: cannot import 'tp_dg_review_allocation'
    at Object._prettifyError (C:\Users\dcsdcr\AppData\Roaming\npm\node_modules\markbind-cli\node_modules\nunjucks\src\lib.js:36:11)
    at C:\Users\dcsdcr\AppData\Roaming\npm\node_modules\markbind-cli\node_modules\@markbind\core\src\patches\nunjucks\context-overrides-frame.js:383:17
    at Template.root [as rootRenderFunc] (eval at _compile (C:\Users\dcsdcr\AppData\Roaming\npm\node_modules\markbind-cli\node_modules\nunjucks\src\environment.js:631:18), <anonymous>:29:3)
    at Template.render (C:\Users\dcsdcr\AppData\Roaming\npm\node_modules\markbind-cli\node_modules\@markbind\core\src\patches\nunjucks\context-overrides-frame.js:372:8)
    at C:\Users\dcsdcr\AppData\Roaming\npm\node_modules\markbind-cli\node_modules\@markbind\core\src\patches\nunjucks\context-overrides-frame.js:54:25
    at createTemplate (C:\Users\dcsdcr\AppData\Roaming\npm\node_modules\markbind-cli\node_modules\@markbind\core\src\patches\nunjucks\load-event.js:121:7)
    at handle (C:\Users\dcsdcr\AppData\Roaming\npm\node_modules\markbind-cli\node_modules\@markbind\core\src\patches\nunjucks\load-event.js:133:9)
    at C:\Users\dcsdcr\AppData\Roaming\npm\node_modules\markbind-cli\node_modules\@markbind\core\src\patches\nunjucks\load-event.js:145:7
    at next (C:\Users\dcsdcr\AppData\Roaming\npm\node_modules\markbind-cli\node_modules\nunjucks\src\lib.js:326:7)
    at Object.asyncIter (C:\Users\dcsdcr\AppData\Roaming\npm\node_modules\markbind-cli\node_modules\nunjucks\src\lib.js:332:3)
    at Environment.getTemplate (C:\Users\dcsdcr\AppData\Roaming\npm\node_modules\markbind-cli\node_modules\@markbind\core\src\patches\nunjucks\load-event.js:127:7)
    at Environment.render (C:\Users\dcsdcr\AppData\Roaming\npm\node_modules\markbind-cli\node_modules\@markbind\core\src\patches\nunjucks\context-overrides-frame.js:48:8)
    at VariableRenderer.renderFile (C:\Users\dcsdcr\AppData\Roaming\npm\node_modules\markbind-cli\node_modules\@markbind\core\src\variables\VariableRenderer.js:59:20)
    at VariableProcessor.renderWithSiteVariables (C:\Users\dcsdcr\AppData\Roaming\npm\node_modules\markbind-cli\node_modules\@markbind\core\src\variables\VariableProcessor.js:157:53)
    at VariableProcessor.renderIncludeFile (C:\Users\dcsdcr\AppData\Roaming\npm\node_modules\markbind-cli\node_modules\@markbind\core\src\variables\VariableProcessor.js:256:34)
    at processInclude (C:\Users\dcsdcr\AppData\Roaming\npm\node_modules\markbind-cli\node_modules\@markbind\core\src\html\includePanelProcessor.js:206:25)
2021-08-28T06:24:58.544Z - error:  Template render error: (C:\repos\nus-cs2103\cs2103-website-base\admin\tp-tasks.mbdf)
  Template render error: (C:\repos\nus-cs2103\cs2103-website-base\admin\tp-tasks.mbdf)
  Template render error: (C:\repos\nus-cs2103\cs2103-website-base\admin\tp-tasks.mbdf)
  Template render error: (C:\repos\nus-cs2103\cs2103-website-base\admin\tp-tasks.mbdf)
  Template render error: (C:\repos\nus-cs2103\cs2103-website-base\admin\tp-tasks.mbdf)
  Template render error: (C:\repos\nus-cs2103\cs2103-website-base\admin\tp-tasks.mbdf)
  Template render error: (C:\repos\nus-cs2103\cs2103-website-base\admin\tp-tasks.mbdf) [Line 72, Column 65]
  Template render error: (C:\repos\nus-cs2103\cs2103-website-base\admin\tp-tasks.mbdf)
  Template render error: (C:\repos\nus-cs2103\cs2103-website-base\admin\tp-tasks.mbdf)
  Template render error: (C:\repos\nus-cs2103\cs2103-website-base\admin\tp-tasks.mbdf)
  Template render error: (C:\repos\nus-cs2103\cs2103-website-base\admin\tp-tasks.mbdf)
  Template render error: (C:\repos\nus-cs2103\cs2103-website-base\admin\tp-tasks.mbdf)
  Template render error: (C:\repos\nus-cs2103\cs2103-website-base\admin\tp-tasks.mbdf)
  Template render error: (C:\repos\nus-cs2103\cs2103-website-base\admin\tp-tasks.mbdf) [Line 597, Column 14]
  Template render error: (C:\repos\nus-cs2103\cs2103-website-base\admin\tp-tasks.mbdf)
  Template render error: (C:\repos\nus-cs2103\cs2103-website-base\admin\tp-tasks.mbdf)
  Template render error: (C:\repos\nus-cs2103\cs2103-website-base\admin\tp-tasks.mbdf)
  Template render error: (C:\repos\nus-cs2103\cs2103-website-base\admin\tp-tasks.mbdf)
  Template render error: (C:\repos\nus-cs2103\cs2103-website-base\admin\tp-tasks.mbdf)
  Template render error: (C:\repos\nus-cs2103\cs2103-website-base\admin\tp-tasks.mbdf) [Line 72, Column 65]
  Template render error: (C:\repos\nus-cs2103\cs2103-website-base\admin\tp-tasks.mbdf)
  Template render error: (C:\repos\nus-cs2103\cs2103-website-base\admin\tp-tasks.mbdf)
  Template render error: (C:\repos\nus-cs2103\cs2103-website-base\admin\tp-tasks.mbdf)
  Template render error: (C:\repos\nus-cs2103\cs2103-website-base\admin\tp-tasks.mbdf)
  Template render error: (C:\repos\nus-cs2103\cs2103-website-base\admin\tp-tasks.mbdf)
  Template render error: (C:\repos\nus-cs2103\cs2103-website-base\admin\tp-tasks.mbdf)
  Template render error: (C:\repos\nus-cs2103\cs2103-website-base\admin\tp-tasks.mbdf)
  Template render error: (C:\repos\nus-cs2103\cs2103-website-base\admin\tp-tasks.mbdf)
  Template render error: (C:\repos\nus-cs2103\cs2103-website-base\admin\tp-tasks.mbdf)
  Template render error: (C:\repos\nus-cs2103\cs2103-website-base\admin\tp-tasks.mbdf)
  Template render error: (C:\repos\nus-cs2103\cs2103-website-base\admin\tp-tasks.mbdf)
  Template render error: (C:\repos\nus-cs2103\cs2103-website-base\admin\tp-tasks.mbdf)
  Template render error: (C:\repos\nus-cs2103\cs2103-website-base\admin\tp-tasks.mbdf)
  Template render error: (C:\repos\nus-cs2103\cs2103-website-base\admin\tp-tasks.mbdf) [Line 73, Column 46]
  Template render error: (C:\repos\nus-cs2103\cs2103-website-base\admin\tp-tasks.mbdf)
  Template render error: (C:\repos\nus-cs2103\cs2103-website-base\admin\tp-tasks.mbdf)
  Template render error: (C:\repos\nus-cs2103\cs2103-website-base\admin\tp-tasks.mbdf)
  Template render error: (C:\repos\nus-cs2103\cs2103-website-base\admin\tp-tasks.mbdf) [Line 72, Column 65]
  Template render error: (C:\repos\nus-cs2103\cs2103-website-base\admin\tp-tasks.mbdf)
  Template render error: (C:\repos\nus-cs2103\cs2103-website-base\admin\tp-tasks.mbdf)
  Template render error: (C:\repos\nus-cs2103\cs2103-website-base\admin\tp-tasks.mbdf)
  Template render error: (C:\repos\nus-cs2103\cs2103-website-base\admin\tp-tasks.mbdf)
  Template render error: (C:\repos\nus-cs2103\cs2103-website-base\admin\tp-tasks.mbdf)
  Error: cannot import 'tp_dg_review_allocation'
    at Object._prettifyError (C:\Users\dcsdcr\AppData\Roaming\npm\node_modules\markbind-cli\node_modules\nunjucks\src\lib.js:36:11)
    at C:\Users\dcsdcr\AppData\Roaming\npm\node_modules\markbind-cli\node_modules\@markbind\core\src\patches\nunjucks\context-overrides-frame.js:383:17
    at Template.root [as rootRenderFunc] (eval at _compile (C:\Users\dcsdcr\AppData\Roaming\npm\node_modules\markbind-cli\node_modules\nunjucks\src\environment.js:631:18), <anonymous>:1166:3)
    at Template.render (C:\Users\dcsdcr\AppData\Roaming\npm\node_modules\markbind-cli\node_modules\@markbind\core\src\patches\nunjucks\context-overrides-frame.js:372:8)
    at C:\Users\dcsdcr\AppData\Roaming\npm\node_modules\markbind-cli\node_modules\@markbind\core\src\patches\nunjucks\context-overrides-frame.js:54:25
    at Environment.getTemplate (C:\Users\dcsdcr\AppData\Roaming\npm\node_modules\markbind-cli\node_modules\@markbind\core\src\patches\nunjucks\load-event.js:85:7)
    at Environment.render (C:\Users\dcsdcr\AppData\Roaming\npm\node_modules\markbind-cli\node_modules\@markbind\core\src\patches\nunjucks\context-overrides-frame.js:48:8)
    at VariableRenderer.renderFile (C:\Users\dcsdcr\AppData\Roaming\npm\node_modules\markbind-cli\node_modules\@markbind\core\src\variables\VariableRenderer.js:59:20)
    at VariableProcessor.renderWithSiteVariables (C:\Users\dcsdcr\AppData\Roaming\npm\node_modules\markbind-cli\node_modules\@markbind\core\src\variables\VariableProcessor.js:157:53)
    at VariableProcessor.renderIncludeFile (C:\Users\dcsdcr\AppData\Roaming\npm\node_modules\markbind-cli\node_modules\@markbind\core\src\variables\VariableProcessor.js:256:34)
    at processInclude (C:\Users\dcsdcr\AppData\Roaming\npm\node_modules\markbind-cli\node_modules\@markbind\core\src\html\includePanelProcessor.js:206:25)
    at NodeProcessor.processNode (C:\Users\dcsdcr\AppData\Roaming\npm\node_modules\markbind-cli\node_modules\@markbind\core\src\html\NodeProcessor.js:147:16)
    at NodeProcessor._process (C:\Users\dcsdcr\AppData\Roaming\npm\node_modules\markbind-cli\node_modules\@markbind\core\src\html\NodeProcessor.js:289:20)
    at C:\Users\dcsdcr\AppData\Roaming\npm\node_modules\markbind-cli\node_modules\@markbind\core\src\html\NodeProcessor.js:294:14
    at Array.forEach (<anonymous>)
    at NodeProcessor._process (C:\Users\dcsdcr\AppData\Roaming\npm\node_modules\markbind-cli\node_modules\@markbind\core\src\html\NodeProcessor.js:293:21)
2021-08-28T06:24:58.746Z - error:  Template render error: (C:\repos\nus-cs2103\cs2103-website-base\admin\tp-w4.md)
  Template render error: (C:\repos\nus-cs2103\cs2103-website-base\admin\tp-w4.md)
  Template render error: (C:\repos\nus-cs2103\cs2103-website-base\admin\tp-w4.md)
  Template render error: (C:\repos\nus-cs2103\cs2103-website-base\admin\tp-w4.md)
  Template render error: (C:\repos\nus-cs2103\cs2103-website-base\admin\tp-w4.md)
  Template render error: (C:\repos\nus-cs2103\cs2103-website-base\admin\tp-w4.md)
  Template render error: (C:\repos\nus-cs2103\cs2103-website-base\admin\tp-w4.md)
  Template render error: (C:\repos\nus-cs2103\cs2103-website-base\admin\tp-w4.md) [Line 72, Column 65]
  Template render error: (C:\repos\nus-cs2103\cs2103-website-base\admin\tp-w4.md)
  Template render error: (C:\repos\nus-cs2103\cs2103-website-base\admin\tp-w4.md)
  Template render error: (C:\repos\nus-cs2103\cs2103-website-base\admin\tp-w4.md)
  Template render error: (C:\repos\nus-cs2103\cs2103-website-base\admin\tp-w4.md)
  Template render error: (C:\repos\nus-cs2103\cs2103-website-base\admin\tp-w4.md)
  Template render error: (C:\repos\nus-cs2103\cs2103-website-base\admin\tp-w4.md)
  Template render error: (C:\repos\nus-cs2103\cs2103-website-base\admin\tp-w4.md) [Line 597, Column 14]
  Template render error: (C:\repos\nus-cs2103\cs2103-website-base\admin\tp-w4.md)
  Template render error: (C:\repos\nus-cs2103\cs2103-website-base\admin\tp-w4.md)
  Template render error: (C:\repos\nus-cs2103\cs2103-website-base\admin\tp-w4.md)
  Template render error: (C:\repos\nus-cs2103\cs2103-website-base\admin\tp-w4.md)
  Template render error: (C:\repos\nus-cs2103\cs2103-website-base\admin\tp-w4.md)
  Template render error: (C:\repos\nus-cs2103\cs2103-website-base\admin\tp-w4.md) [Line 72, Column 65]
  Template render error: (C:\repos\nus-cs2103\cs2103-website-base\admin\tp-w4.md)
  Template render error: (C:\repos\nus-cs2103\cs2103-website-base\admin\tp-w4.md)
  Template render error: (C:\repos\nus-cs2103\cs2103-website-base\admin\tp-w4.md)
  Template render error: (C:\repos\nus-cs2103\cs2103-website-base\admin\tp-w4.md)
  Template render error: (C:\repos\nus-cs2103\cs2103-website-base\admin\tp-w4.md)
  Template render error: (C:\repos\nus-cs2103\cs2103-website-base\admin\tp-w4.md)
  Template render error: (C:\repos\nus-cs2103\cs2103-website-base\admin\tp-w4.md)
  Template render error: (C:\repos\nus-cs2103\cs2103-website-base\admin\tp-w4.md)
  Template render error: (C:\repos\nus-cs2103\cs2103-website-base\admin\tp-w4.md)
  Template render error: (C:\repos\nus-cs2103\cs2103-website-base\admin\tp-w4.md)
  Template render error: (C:\repos\nus-cs2103\cs2103-website-base\admin\tp-w4.md)
  Template render error: (C:\repos\nus-cs2103\cs2103-website-base\admin\tp-w4.md)
  Template render error: (C:\repos\nus-cs2103\cs2103-website-base\admin\tp-w4.md)
  Template render error: (C:\repos\nus-cs2103\cs2103-website-base\admin\tp-w4.md) [Line 73, Column 46]
  Template render error: (C:\repos\nus-cs2103\cs2103-website-base\admin\tp-w4.md)
  Template render error: (C:\repos\nus-cs2103\cs2103-website-base\admin\tp-w4.md)
  Template render error: (C:\repos\nus-cs2103\cs2103-website-base\admin\tp-w4.md)
  Template render error: (C:\repos\nus-cs2103\cs2103-website-base\admin\tp-w4.md) [Line 72, Column 65]
  Template render error: (C:\repos\nus-cs2103\cs2103-website-base\admin\tp-w4.md)
  Template render error: (C:\repos\nus-cs2103\cs2103-website-base\admin\tp-w4.md)
  Template render error: (C:\repos\nus-cs2103\cs2103-website-base\admin\tp-w4.md)
  Template render error: (C:\repos\nus-cs2103\cs2103-website-base\admin\tp-w4.md)
  Template render error: (C:\repos\nus-cs2103\cs2103-website-base\admin\tp-w4.md)
  Error: cannot import 'tp_dg_review_allocation'
    at Object._prettifyError (C:\Users\dcsdcr\AppData\Roaming\npm\node_modules\markbind-cli\node_modules\nunjucks\src\lib.js:36:11)
    at C:\Users\dcsdcr\AppData\Roaming\npm\node_modules\markbind-cli\node_modules\@markbind\core\src\patches\nunjucks\context-overrides-frame.js:383:17
    at Template.root [as rootRenderFunc] (eval at _compile (C:\Users\dcsdcr\AppData\Roaming\npm\node_modules\markbind-cli\node_modules\nunjucks\src\environment.js:631:18), <anonymous>:29:3)
    at Template.render (C:\Users\dcsdcr\AppData\Roaming\npm\node_modules\markbind-cli\node_modules\@markbind\core\src\patches\nunjucks\context-overrides-frame.js:372:8)
    at C:\Users\dcsdcr\AppData\Roaming\npm\node_modules\markbind-cli\node_modules\@markbind\core\src\patches\nunjucks\context-overrides-frame.js:54:25
    at Environment.getTemplate (C:\Users\dcsdcr\AppData\Roaming\npm\node_modules\markbind-cli\node_modules\@markbind\core\src\patches\nunjucks\load-event.js:85:7)
    at Environment.render (C:\Users\dcsdcr\AppData\Roaming\npm\node_modules\markbind-cli\node_modules\@markbind\core\src\patches\nunjucks\context-overrides-frame.js:48:8)
    at VariableRenderer.renderFile (C:\Users\dcsdcr\AppData\Roaming\npm\node_modules\markbind-cli\node_modules\@markbind\core\src\variables\VariableRenderer.js:59:20)
    at VariableProcessor.renderWithSiteVariables (C:\Users\dcsdcr\AppData\Roaming\npm\node_modules\markbind-cli\node_modules\@markbind\core\src\variables\VariableProcessor.js:157:53)
    at VariableProcessor.renderIncludeFile (C:\Users\dcsdcr\AppData\Roaming\npm\node_modules\markbind-cli\node_modules\@markbind\core\src\variables\VariableProcessor.js:256:34)
    at processInclude (C:\Users\dcsdcr\AppData\Roaming\npm\node_modules\markbind-cli\node_modules\@markbind\core\src\html\includePanelProcessor.js:206:25)
    at NodeProcessor.processNode (C:\Users\dcsdcr\AppData\Roaming\npm\node_modules\markbind-cli\node_modules\@markbind\core\src\html\NodeProcessor.js:147:16)
    at NodeProcessor._process (C:\Users\dcsdcr\AppData\Roaming\npm\node_modules\markbind-cli\node_modules\@markbind\core\src\html\NodeProcessor.js:289:20)
    at C:\Users\dcsdcr\AppData\Roaming\npm\node_modules\markbind-cli\node_modules\@markbind\core\src\html\NodeProcessor.js:294:14
    at Array.forEach (<anonymous>)
    at NodeProcessor._process (C:\Users\dcsdcr\AppData\Roaming\npm\node_modules\markbind-cli\node_modules\@markbind\core\src\html\NodeProcessor.js:293:21)
2021-08-28T06:24:59.404Z - info: Site data built
2021-08-28T06:24:59.404Z - info: Pages rebuilt
2021-08-28T06:24:59.404Z - info: Website regeneration complete! Total build time: 1.893s
2021-08-28T06:25:26.106Z - info: [2:25:26 pm] Reload for file change: C:\repos\nus-cs2103\cs2103-website-base\_module-CS2103\studentData.mbdf
2021-08-28T06:25:26.106Z - info: Synchronizing opened pages list before reload
2021-08-28T06:25:26.107Z - info: Current opened pages, from most-to-least recent:
2021-08-28T06:25:26.107Z - info: 1. schedule/week4/project
2021-08-28T06:25:27.113Z - info: Rebuilding 1 pages
2021-08-28T06:25:29.461Z - info: Site data built
2021-08-28T06:25:29.461Z - info: Pages rebuilt
2021-08-28T06:25:29.461Z - info: Website regeneration complete! Total build time: 2.351s
2021-08-28T06:25:45.952Z - info: [2:25:45 pm] Reload for file change: C:\repos\nus-cs2103\cs2103-website-base\admin\common-tutorials.mbdf
2021-08-28T06:25:45.952Z - info: Synchronizing opened pages list before reload
2021-08-28T06:25:45.953Z - info: Current opened pages, from most-to-least recent:
2021-08-28T06:25:45.953Z - info: 1. schedule/week4/project
2021-08-28T06:25:46.965Z - info: Rebuilding 1 pages
2021-08-28T06:25:49.277Z - info: Site data built
2021-08-28T06:25:49.277Z - info: Pages rebuilt
2021-08-28T06:25:49.277Z - info: Website regeneration complete! Total build time: 2.313s
2021-08-28T06:26:27.607Z - info: Building C:\repos\nus-cs2103\cs2103-website-base\admin\ip-showcase as some of its dependencies were changed since the last visit
2021-08-28T06:26:29.470Z - info: Site data built
2021-08-28T06:26:29.471Z - info: Lazy website regeneration complete! Total build time: 1.864s
2021-08-28T06:27:52.974Z - info: Website generation started at 2:27:50 pm
2021-08-28T06:27:58.272Z - info: Building assets...
2021-08-28T06:28:02.568Z - info: Assets built
2021-08-28T06:28:02.568Z - info: Generating pages...
2021-08-28T06:28:11.268Z - debug:  
2021-08-28T06:28:11.268Z - debug:  
2021-08-28T06:28:11.268Z - debug:  
2021-08-28T06:28:11.268Z - debug:  
2021-08-28T06:28:11.268Z - debug:  
2021-08-28T06:28:11.269Z - debug:  
2021-08-28T06:29:16.371Z - error:  Template render error: (C:\repos\nus-cs2103\cs2103-website-base\schedule\week5\tutorial-cs2103.mbdf)
  Template render error: (C:\repos\nus-cs2103\cs2103-website-base\schedule\week5\tutorial-cs2103.mbdf)
  Template render error: (C:\repos\nus-cs2103\cs2103-website-base\schedule\week5\tutorial-cs2103.mbdf)
  Template render error: (C:\repos\nus-cs2103\cs2103-website-base\schedule\week5\tutorial-cs2103.mbdf)
  Template render error: (C:\repos\nus-cs2103\cs2103-website-base\schedule\week5\tutorial-cs2103.mbdf)
  Template render error: (C:\repos\nus-cs2103\cs2103-website-base\schedule\week5\tutorial-cs2103.mbdf)
  Error: cannot import 'ip_pr_slap_review_allocation'
    at Object._prettifyError (C:\Users\dcsdcr\AppData\Roaming\npm\node_modules\markbind-cli\node_modules\nunjucks\src\lib.js:36:11)
    at C:\Users\dcsdcr\AppData\Roaming\npm\node_modules\markbind-cli\node_modules\@markbind\core\src\patches\nunjucks\context-overrides-frame.js:383:17
    at Template.root [as rootRenderFunc] (eval at _compile (C:\Users\dcsdcr\AppData\Roaming\npm\node_modules\markbind-cli\node_modules\nunjucks\src\environment.js:631:18), <anonymous>:133:3)
    at Template.render (C:\Users\dcsdcr\AppData\Roaming\npm\node_modules\markbind-cli\node_modules\@markbind\core\src\patches\nunjucks\context-overrides-frame.js:372:8)
    at C:\Users\dcsdcr\AppData\Roaming\npm\node_modules\markbind-cli\node_modules\@markbind\core\src\patches\nunjucks\context-overrides-frame.js:54:25
    at createTemplate (C:\Users\dcsdcr\AppData\Roaming\npm\node_modules\markbind-cli\node_modules\@markbind\core\src\patches\nunjucks\load-event.js:121:7)
    at handle (C:\Users\dcsdcr\AppData\Roaming\npm\node_modules\markbind-cli\node_modules\@markbind\core\src\patches\nunjucks\load-event.js:133:9)
    at C:\Users\dcsdcr\AppData\Roaming\npm\node_modules\markbind-cli\node_modules\@markbind\core\src\patches\nunjucks\load-event.js:145:7
    at next (C:\Users\dcsdcr\AppData\Roaming\npm\node_modules\markbind-cli\node_modules\nunjucks\src\lib.js:326:7)
    at Object.asyncIter (C:\Users\dcsdcr\AppData\Roaming\npm\node_modules\markbind-cli\node_modules\nunjucks\src\lib.js:332:3)
    at Environment.getTemplate (C:\Users\dcsdcr\AppData\Roaming\npm\node_modules\markbind-cli\node_modules\@markbind\core\src\patches\nunjucks\load-event.js:127:7)
    at Environment.render (C:\Users\dcsdcr\AppData\Roaming\npm\node_modules\markbind-cli\node_modules\@markbind\core\src\patches\nunjucks\context-overrides-frame.js:48:8)
    at VariableRenderer.renderFile (C:\Users\dcsdcr\AppData\Roaming\npm\node_modules\markbind-cli\node_modules\@markbind\core\src\variables\VariableRenderer.js:59:20)
    at VariableProcessor.renderWithSiteVariables (C:\Users\dcsdcr\AppData\Roaming\npm\node_modules\markbind-cli\node_modules\@markbind\core\src\variables\VariableProcessor.js:157:53)
    at VariableProcessor.renderIncludeFile (C:\Users\dcsdcr\AppData\Roaming\npm\node_modules\markbind-cli\node_modules\@markbind\core\src\variables\VariableProcessor.js:256:34)
    at processInclude (C:\Users\dcsdcr\AppData\Roaming\npm\node_modules\markbind-cli\node_modules\@markbind\core\src\html\includePanelProcessor.js:206:25)
2021-08-28T06:29:35.450Z - info: Deployed at https://nus-cs2103-ay2122s1.github.io/website!
2021-08-28T06:31:15.826Z - info: Website generation started at 2:31:12 pm
2021-08-28T06:31:21.051Z - info: Building assets...
2021-08-28T06:31:25.162Z - info: Assets built
2021-08-28T06:31:25.163Z - info: Generating pages...
2021-08-28T06:31:33.465Z - debug:  
2021-08-28T06:31:33.466Z - debug:  
2021-08-28T06:31:33.466Z - debug:  
2021-08-28T06:31:33.467Z - debug:  
2021-08-28T06:31:33.467Z - debug:  
2021-08-28T06:31:33.467Z - debug:  
2021-08-28T06:33:19.482Z - debug:  
2021-08-28T06:33:31.543Z - debug:  
2021-08-28T06:33:31.543Z - debug:  
2021-08-28T06:33:38.190Z - info: Pages built
2021-08-28T06:33:38.924Z - info: Site data built
2021-08-28T06:33:38.924Z - info: Website generation complete! Total build time: 146.74s
2021-08-28T06:33:38.924Z - info: Build success!
2021-08-28T06:33:51.518Z - info: Deployed at https://nus-cs2103-ay2122s1.github.io/website!
