2021-08-18T16:00:01.079Z - info: Site data built
2021-08-18T16:00:01.088Z - info: Lazy website regeneration complete! Total build time: 2.728s
2021-08-18T16:02:27.736Z - info: [12:02:27 am] Reload for file change: C:\repos\nus-cs2103\cs2103-website-base\admin\index-tic2002.mbdf
2021-08-18T16:02:27.736Z - info: Synchronizing opened pages list before reload
2021-08-18T16:02:27.737Z - info: Current opened pages, from most-to-least recent:
2021-08-18T16:02:27.738Z - info: 1. admin/index
2021-08-18T16:02:28.762Z - info: Rebuilding 1 pages
2021-08-18T16:02:30.705Z - info: Site data built
2021-08-18T16:02:30.706Z - info: Pages rebuilt
2021-08-18T16:02:30.706Z - info: Website regeneration complete! Total build time: 1.948s
2021-08-18T16:05:25.782Z - info: [12:05:25 am] Reload for file change: C:\repos\nus-cs2103\cs2103-website-base\admin\index-tic2002.mbdf
2021-08-18T16:05:25.783Z - info: Synchronizing opened pages list before reload
2021-08-18T16:05:25.783Z - info: Current opened pages, from most-to-least recent:
2021-08-18T16:05:25.783Z - info: 1. admin/index
2021-08-18T16:05:26.801Z - info: Rebuilding 1 pages
2021-08-18T16:05:29.162Z - info: Site data built
2021-08-18T16:05:29.162Z - info: Pages rebuilt
2021-08-18T16:05:29.163Z - info: Website regeneration complete! Total build time: 2.365s
2021-08-18T16:10:30.635Z - info: [12:10:30 am] Reload for file change: C:\repos\nus-cs2103\cs2103-website-base\admin\index-tic2002.mbdf
2021-08-18T16:10:30.636Z - info: Synchronizing opened pages list before reload
2021-08-18T16:10:30.636Z - info: Current opened pages, from most-to-least recent:
2021-08-18T16:10:30.636Z - info: 1. admin/index
2021-08-18T16:10:31.644Z - info: Rebuilding 1 pages
2021-08-18T16:10:33.058Z - info: Site data built
2021-08-18T16:10:33.058Z - info: Pages rebuilt
2021-08-18T16:10:33.059Z - info: Website regeneration complete! Total build time: 1.415s
2021-08-18T16:11:54.403Z - info: [12:11:54 am] Reload for file change: C:\repos\nus-cs2103\cs2103-website-base\admin\index-tic2002.mbdf
2021-08-18T16:11:54.403Z - info: Synchronizing opened pages list before reload
2021-08-18T16:11:54.404Z - info: Current opened pages, from most-to-least recent:
2021-08-18T16:11:54.404Z - info: 1. admin/index
2021-08-18T16:11:55.423Z - info: Rebuilding 1 pages
2021-08-18T16:11:56.703Z - info: Site data built
2021-08-18T16:11:56.704Z - info: Pages rebuilt
2021-08-18T16:11:56.704Z - info: Website regeneration complete! Total build time: 1.284s
2021-08-18T16:12:07.271Z - info: [12:12:07 am] Reload for file change: C:\repos\nus-cs2103\cs2103-website-base\admin\index-tic2002.mbdf
2021-08-18T16:12:07.271Z - info: Synchronizing opened pages list before reload
2021-08-18T16:12:07.271Z - info: Current opened pages, from most-to-least recent:
2021-08-18T16:12:07.271Z - info: 1. admin/index
2021-08-18T16:12:08.285Z - info: Rebuilding 1 pages
2021-08-18T16:12:09.333Z - info: Site data built
2021-08-18T16:12:09.333Z - info: Pages rebuilt
2021-08-18T16:12:09.333Z - info: Website regeneration complete! Total build time: 1.05s
2021-08-18T16:13:07.142Z - info: [12:13:07 am] Reload for file change: C:\repos\nus-cs2103\cs2103-website-base\admin\index-tic2002.mbdf
2021-08-18T16:13:07.143Z - info: Synchronizing opened pages list before reload
2021-08-18T16:13:07.143Z - info: Current opened pages, from most-to-least recent:
2021-08-18T16:13:07.143Z - info: 1. admin/index
2021-08-18T16:13:08.164Z - info: Rebuilding 1 pages
2021-08-18T16:13:09.493Z - info: Site data built
2021-08-18T16:13:09.493Z - info: Pages rebuilt
2021-08-18T16:13:09.493Z - info: Website regeneration complete! Total build time: 1.332s
2021-08-18T16:13:33.884Z - info: [12:13:33 am] Reload for file change: C:\repos\nus-cs2103\cs2103-website-base\admin\index-tic2002.mbdf
2021-08-18T16:13:33.884Z - info: Synchronizing opened pages list before reload
2021-08-18T16:13:33.885Z - info: Current opened pages, from most-to-least recent:
2021-08-18T16:13:33.885Z - info: 1. admin/index
2021-08-18T16:13:34.891Z - info: Rebuilding 1 pages
2021-08-18T16:13:36.254Z - info: Site data built
2021-08-18T16:13:36.254Z - info: Pages rebuilt
2021-08-18T16:13:36.254Z - info: Website regeneration complete! Total build time: 1.366s
2021-08-18T16:13:57.682Z - info: [12:13:57 am] Reload for file change: C:\repos\nus-cs2103\cs2103-website-base\admin\index-tic2002.mbdf
2021-08-18T16:13:57.682Z - info: Synchronizing opened pages list before reload
2021-08-18T16:13:57.682Z - info: Current opened pages, from most-to-least recent:
2021-08-18T16:13:57.682Z - info: 1. admin/index
2021-08-18T16:13:58.706Z - info: Rebuilding 1 pages
2021-08-18T16:13:59.958Z - info: Site data built
2021-08-18T16:13:59.958Z - info: Pages rebuilt
2021-08-18T16:13:59.958Z - info: Website regeneration complete! Total build time: 1.253s
2021-08-18T16:14:07.426Z - info: [12:14:07 am] Reload for file change: C:\repos\nus-cs2103\cs2103-website-base\admin\index-tic2002.mbdf
2021-08-18T16:14:07.426Z - info: Synchronizing opened pages list before reload
2021-08-18T16:14:07.426Z - info: Current opened pages, from most-to-least recent:
2021-08-18T16:14:07.427Z - info: 1. admin/index
2021-08-18T16:14:08.438Z - info: Rebuilding 1 pages
2021-08-18T16:14:09.387Z - info: Site data built
2021-08-18T16:14:09.387Z - info: Pages rebuilt
2021-08-18T16:14:09.387Z - info: Website regeneration complete! Total build time: 0.949s
2021-08-18T16:15:04.219Z - info: [12:15:04 am] Reload for file change: C:\repos\nus-cs2103\cs2103-website-base\admin\index-tic2002.mbdf
2021-08-18T16:15:04.219Z - info: Synchronizing opened pages list before reload
2021-08-18T16:15:04.220Z - info: Current opened pages, from most-to-least recent:
2021-08-18T16:15:04.220Z - info: 1. admin/index
2021-08-18T16:15:05.230Z - info: Rebuilding 1 pages
2021-08-18T16:15:06.570Z - info: Site data built
2021-08-18T16:15:06.570Z - info: Pages rebuilt
2021-08-18T16:15:06.570Z - info: Website regeneration complete! Total build time: 1.344s
2021-08-18T16:15:22.473Z - info: [12:15:22 am] Reload for file change: C:\repos\nus-cs2103\cs2103-website-base\admin\index-tic2002.mbdf
2021-08-18T16:15:22.474Z - info: Synchronizing opened pages list before reload
2021-08-18T16:15:22.474Z - info: Current opened pages, from most-to-least recent:
2021-08-18T16:15:22.474Z - info: 1. admin/index
2021-08-18T16:15:23.489Z - info: Rebuilding 1 pages
2021-08-18T16:15:24.760Z - info: Site data built
2021-08-18T16:15:24.760Z - info: Pages rebuilt
2021-08-18T16:15:24.760Z - info: Website regeneration complete! Total build time: 1.273s
2021-08-18T16:25:16.600Z - info: [12:25:16 am] Reload for file change: C:\repos\nus-cs2103\cs2103-website-base\admin\index-tic2002.mbdf
2021-08-18T16:25:16.601Z - info: Synchronizing opened pages list before reload
2021-08-18T16:25:16.601Z - info: Current opened pages, from most-to-least recent:
2021-08-18T16:25:16.601Z - info: 1. admin/index
2021-08-18T16:25:17.614Z - info: Rebuilding 1 pages
2021-08-18T16:25:18.931Z - info: Site data built
2021-08-18T16:25:18.931Z - info: Pages rebuilt
2021-08-18T16:25:18.931Z - info: Website regeneration complete! Total build time: 1.32s
2021-08-18T16:26:41.508Z - info: Website generation started at 12:26:39 am
2021-08-18T16:26:47.149Z - info: Building assets...
